*WEATHER MODULE DAILY OUTPUT FILE

*DSSAT Cropping System Model Ver. 4.8.2.000 -release  APR 04, 2025 03:03:53

*RUN   1        : farm_23                   MZCER048 UNLI2309    1
 MODEL          : MZCER048 - Maize
 EXPERIMENT     : UNLI2309 MZ PIO1366
 DATA PATH      :
 TREATMENT  1   : farm_23                   MZCER048
  
@YEAR DOY   DAS   PRED  DAYLD   TWLD   SRAD   PARD   CLDD   TMXD   TMND   TAVD   TDYD   TDWD   TGAD   TGRD   WDSD   CO2D   VPDF    VPD  OZON7   WDATE
 2023 110     1    0.0   13.3   14.4   18.5   37.0   0.33   12.1    1.7    6.9    8.7   -7.3    6.9    8.7    4.7  421.6   0.00   0.00 -99.00 2023110
 2023 111     2    0.0   13.4   14.4   24.0   48.0   0.13    9.8   -1.6    4.1    6.1  -12.1    4.1    6.1    5.5  421.6   0.00   0.00 -99.00 2023111
 2023 112     3    0.0   13.4   14.5   24.6   49.2   0.12    8.5   -5.2    1.6    4.1  -13.7    1.6    4.1    4.0  421.6   0.00   0.00 -99.00 2023112
 2023 113     4    0.0   13.5   14.5   23.6   47.2   0.16   14.2   -9.3    2.4    6.7  -17.6    2.4    6.7    1.8  421.6   0.00   0.00 -99.00 2023113
 2023 114     5    0.0   13.5   14.6   19.5   39.0   0.31   19.1   -4.1    7.5   11.7  -12.7    7.5   11.7    3.0  421.6   0.00   0.00 -99.00 2023114
 2023 115     6    0.0   13.5   14.6   10.9   21.8   0.62   12.5    1.6    7.1    9.0   -2.6    7.1    9.0    2.7  421.6   0.00   0.00 -99.00 2023115
 2023 116     7    0.0   13.6   14.7   16.8   33.6   0.41   17.1    5.4   11.3   13.4   -2.6   11.3   13.4    1.8  421.6   0.00   0.00 -99.00 2023116
 2023 117     8    0.0   13.6   14.7   14.9   29.8   0.48   21.0    4.1   12.6   15.7   -3.4   12.6   15.7    4.6  421.6   0.00   0.00 -99.00 2023117
 2023 118     9    0.0   13.7   14.8   12.8   25.6   0.56   11.9    0.1    6.0    8.2   -6.9    6.0    8.2    5.4  421.6   0.00   0.00 -99.00 2023118
 2023 119    10    0.0   13.7   14.8   26.0   52.0   0.10   20.4    0.8   10.7   14.2   -9.1   10.7   14.2    4.9  421.6   0.00   0.00 -99.00 2023119
 2023 120    11    0.0   13.7   14.8   26.8   53.6   0.08   15.1   -0.1    7.6   10.3  -13.5    7.6   10.3    3.8  421.6   0.00   0.00 -99.00 2023120
 2023 121    12    0.0   13.8   14.9   27.2   54.4   0.07   18.9   -5.3    6.9   11.3  -15.3    6.9   11.3    1.8  421.6   0.00   0.00 -99.00 2023121
 2023 122    13    0.0   13.8   14.9   27.4   54.8   0.07   19.7   -2.6    8.7   12.8  -13.3    8.7   12.8    1.5  421.6   0.00   0.00 -99.00 2023122
 2023 123    14    0.0   13.9   15.0   24.9   49.8   0.16   25.6    1.9   13.9   18.2  -12.0   13.9   18.2    3.3  421.6   0.00   0.00 -99.00 2023123
 2023 124    15   16.8   13.9   15.0   24.3   48.6   0.18   27.6    9.5   18.7   22.0    2.6   18.7   22.0    3.3  421.6   0.00   0.00 -99.00 2023124
 2023 125    16   14.5   13.9   15.1   26.0   52.0   0.13   25.1   11.2   18.2   20.8    5.5   18.2   20.8    2.3  421.6   0.00   0.00 -99.00 2023125
 2023 126    17    0.3   14.0   15.1   24.5   49.0   0.18   22.3    8.5   15.5   18.1    2.3   15.5   18.1    1.4  421.6   0.00   0.00 -99.00 2023126
 2023 127    18    0.3   14.0   15.1   19.0   38.0   0.37   23.9    9.5   16.8   18.9    3.9   16.8   18.9    2.3  421.6   0.00   0.00 -99.00 2023127
 2023 128    19    0.0   14.1   15.2   27.1   54.2   0.11   24.7    8.1   16.5   19.0    0.8   16.5   19.0    1.9  421.6   0.00   0.00 -99.00 2023128
 2023 129    20    2.8   14.1   15.2   22.4   44.8   0.26   22.1   13.4   17.8   19.1    8.3   17.8   19.1    2.4  421.6   0.00   0.00 -99.00 2023129
 2023 130    21   22.4   14.1   15.3   14.9   29.8   0.51   21.3   12.0   16.7   18.1    8.7   16.7   18.1    3.4  421.6   0.00   0.00 -99.00 2023130
 2023 131    22   21.1   14.2   15.3   16.9   33.8   0.45   22.7   11.2   17.1   18.8    7.1   17.1   18.8    2.7  421.6   0.00   0.00 -99.00 2023131
 2023 132    23   24.6   14.2   15.4   12.4   24.8   0.60   17.7   11.4   14.6   15.5    9.4   14.6   15.5    2.8  421.6   0.00   0.00 -99.00 2023132
 2023 133    24    1.0   14.2   15.4   18.5   37.0   0.40   20.7   13.1   17.0   18.1    9.0   17.0   18.1    4.1  421.6   0.00   0.00 -99.00 2023133
 2023 134    25    0.3   14.3   15.4    4.5    9.0   0.86   14.9   11.0   13.0   13.6    9.0   13.0   13.6    4.0  421.6   0.00   0.00 -99.00 2023134
 2023 135    26    0.3   14.3   15.5    5.8   11.6   0.81   12.8    6.8    9.9   10.8    5.4    9.9   10.8    3.0  421.6   0.00   0.00 -99.00 2023135
 2023 136    27    0.0   14.3   15.5   25.3   50.6   0.19   22.3    5.7   14.2   16.7    0.4   14.2   16.7    1.2  421.6   0.00   0.00 -99.00 2023136
 2023 137    28    4.3   14.4   15.5   23.6   47.2   0.25   25.4    6.0   16.0   18.8    0.5   16.0   18.8    2.3  421.6   0.00   0.00 -99.00 2023137
 2023 138    29    0.0   14.4   15.6   16.2   32.4   0.49   20.9   11.5   16.3   17.7    6.6   16.3   17.7    1.8  421.6   0.00   0.00 -99.00 2023138
 2023 139    30    0.0   14.4   15.6   26.8   53.6   0.15   17.9    5.2   11.7   13.6   -1.2   11.7   13.6    3.8  421.6   0.00   0.00 -99.00 2023139
 2023 140    31    0.0   14.5   15.6   26.9   53.8   0.15   22.2    2.1   12.5   15.5   -3.1   12.5   15.5    2.5  421.6   0.00   0.00 -99.00 2023140
 2023 141    32    0.0   14.5   15.7   23.4   46.8   0.26   24.7    9.8   17.5   19.7    3.4   17.5   19.7    2.8  421.6   0.00   0.00 -99.00 2023141
 2023 142    33    0.0   14.5   15.7   22.6   45.2   0.29   24.5   13.8   19.3   20.9    8.2   19.3   20.9    3.1  421.6   0.00   0.00 -99.00 2023142
 2023 143    34    0.0   14.5   15.7   22.1   44.2   0.31   24.1   13.0   18.7   20.4    8.4   18.7   20.4    3.1  421.6   0.00   0.00 -99.00 2023143
 2023 144    35    0.0   14.6   15.8   23.3   46.6   0.27   24.2   14.3   19.4   20.9    8.9   19.4   20.9    3.3  421.6   0.00   0.00 -99.00 2023144
 2023 145    36    3.8   14.6   15.8   21.3   42.6   0.34   22.3   14.7   18.6   19.8   10.1   18.6   19.8    3.4  421.6   0.00   0.00 -99.00 2023145
 2023 146    37   22.1   14.6   15.8    6.4   12.8   0.80   20.8   14.6   17.8   18.7   11.5   17.8   18.7    4.1  421.6   0.00   0.00 -99.00 2023146
 2023 147    38    1.5   14.6   15.9   24.1   48.2   0.26   23.5   14.3   19.1   20.5   10.0   19.1   20.5    4.8  421.6   0.00   0.00 -99.00 2023147
 2023 148    39   31.5   14.7   15.9   20.2   40.4   0.38   22.5   14.2   18.5   19.8   11.2   18.5   19.8    3.0  421.6   0.00   0.00 -99.00 2023148
 2023 149    40    3.3   14.7   15.9   23.7   47.4   0.27   26.7   15.2   21.2   22.9   10.8   21.2   22.9    3.2  421.6   0.00   0.00 -99.00 2023149
 2023 150    41    0.0   14.7   16.0   27.0   54.0   0.17   27.4   12.2   20.1   22.4    8.0   20.1   22.4    2.5  421.6   0.00   0.00 -99.00 2023150
 2023 151    42    0.0   14.7   16.0   27.7   55.4   0.15   26.1   14.8   20.7   22.4    8.0   20.7   22.4    2.5  421.6   0.00   0.00 -99.00 2023151
 2023 152    43    0.0   14.8   16.0   16.1   32.2   0.51   23.7   15.6   19.8   21.0   10.6   19.8   21.0    3.0  421.6   0.00   0.00 -99.00 2023152
 2023 153    44    0.0   14.8   16.0   15.8   31.6   0.52   23.3   15.4   19.5   20.7   11.3   19.5   20.7    3.6  421.6   0.00   0.00 -99.00 2023153
 2023 154    45   26.7   14.8   16.0   14.7   29.4   0.55   22.6   13.5   18.2   19.6   10.0   18.2   19.6    1.3  421.6   0.00   0.00 -99.00 2023154
 2023 155    46    0.0   14.8   16.1   29.0   58.0   0.12   26.4   10.9   19.0   21.3    5.5   19.0   21.3    1.2  421.6   0.00   0.00 -99.00 2023155
 2023 156    47    4.6   14.8   16.1   27.1   54.2   0.18   26.9   14.9   21.2   23.0    8.9   21.2   23.0    1.1  421.6   0.00   0.00 -99.00 2023156
 2023 157    48    0.0   14.8   16.1   27.9   55.8   0.15   27.4   12.4   20.2   22.5    6.8   20.2   22.5    1.4  421.6   0.00   0.00 -99.00 2023157
 2023 158    49    0.0   14.9   16.1   28.1   56.2   0.15   28.4   12.9   21.0   23.4    7.0   21.0   23.4    1.4  421.6   0.00   0.00 -99.00 2023158
 2023 159    50    0.0   14.9   16.1   29.5   59.0   0.11   30.2   12.8   21.9   24.5    6.2   21.9   24.5    1.1  421.6   0.00   0.00 -99.00 2023159
 2023 160    51    4.1   14.9   16.2   22.6   45.2   0.32   29.5   15.9   23.0   25.1    9.2   23.0   25.1    1.8  421.6   0.00   0.00 -99.00 2023160
 2023 161    52    0.0   14.9   16.2   23.2   46.4   0.30   26.1   15.2   20.9   22.6   10.0   20.9   22.6    2.9  421.6   0.00   0.00 -99.00 2023161
 2023 162    53    0.0   14.9   16.2   22.4   44.8   0.33   21.8   12.4   17.3   18.8    6.3   17.3   18.8    3.0  421.6   0.00   0.00 -99.00 2023162
 2023 163    54    0.0   14.9   16.2   24.8   49.6   0.25   21.6    6.9   14.6   16.8    1.3   14.6   16.8    1.4  421.6   0.00   0.00 -99.00 2023163
 2023 164    55    0.0   14.9   16.2   29.0   58.0   0.13   23.7    7.2   15.8   18.4    1.3   15.8   18.4    1.1  421.6   0.00   0.00 -99.00 2023164
 2023 165    56    0.0   14.9   16.2   27.1   54.2   0.19   27.0    7.0   17.5   20.5    0.6   17.5   20.5    1.7  421.6   0.00   0.00 -99.00 2023165
 2023 166    57    0.3   14.9   16.2   25.5   51.0   0.23   29.2   12.9   21.4   23.9    5.0   21.4   23.9    2.7  421.6   0.00   0.00 -99.00 2023166
 2023 167    58    0.0   15.0   16.2   21.8   43.6   0.35   23.5   14.4   19.2   20.6    9.8   19.2   20.6    2.9  421.6   0.00   0.00 -99.00 2023167
 2023 168    59    0.5   15.0   16.3   23.9   47.8   0.28   24.1   13.3   19.0   20.6    7.7   19.0   20.6    1.8  421.6   0.00   0.00 -99.00 2023168
 2023 169    60    0.0   15.0   16.3   29.1   58.2   0.13   30.0   11.3   21.1   24.0    4.4   21.1   24.0    3.0  421.6   0.00   0.00 -99.00 2023169
 2023 170    61    0.0   15.0   16.3   30.0   60.0   0.10   31.8   14.5   23.6   26.2    7.5   23.6   26.2    4.1  421.6   0.00   0.00 -99.00 2023170
 2023 171    62    0.3   15.0   16.3   12.3   24.6   0.63   28.1   20.3   24.4   25.6   16.4   24.4   25.6    3.6  421.6   0.00   0.00 -99.00 2023171
 2023 172    63    2.5   15.0   16.3   20.4   40.8   0.39   26.1   20.0   23.2   24.1   15.5   23.2   24.1    1.4  421.6   0.00   0.00 -99.00 2023172
 2023 173    64   23.9   15.0   16.3   18.2   36.4   0.45   26.4   16.9   21.9   23.3   12.8   21.9   23.3    2.0  421.6   0.00   0.00 -99.00 2023173
 2023 174    65    7.9   15.0   16.3   22.7   45.4   0.32   27.7   16.5   22.4   24.1   12.4   22.4   24.1    1.9  421.6   0.00   0.00 -99.00 2023174
 2023 175    66    1.3   15.0   16.3   30.3   60.6   0.09   28.1   13.9   21.3   23.5    6.9   21.3   23.5    3.2  421.6   0.00   0.00 -99.00 2023175
 2023 176    67    0.0   15.0   16.3   30.4   60.8   0.09   26.4   12.2   19.6   21.8    4.6   19.6   21.8    2.4  421.6   0.00   0.00 -99.00 2023176
 2023 177    68    0.0   15.0   16.3   29.3   58.6   0.12   27.8   10.4   19.5   22.2    4.7   19.5   22.2    1.9  421.6   0.00   0.00 -99.00 2023177
 2023 178    69    0.0   15.0   16.3   23.5   47.0   0.30   29.8   17.1   23.7   25.7   10.4   23.7   25.7    4.4  421.6   0.00   0.00 -99.00 2023178
 2023 179    70    0.0   14.9   16.3   27.5   55.0   0.17   29.0   23.8   26.5   27.3   15.6   26.5   27.3    3.2  421.6   0.00   0.00 -99.00 2023179
 2023 180    71    5.8   14.9   16.2   29.0   58.0   0.13   28.5   17.9   23.4   25.1   11.4   23.4   25.1    1.9  421.6   0.00   0.00 -99.00 2023180
 2023 181    72   12.4   14.9   16.2   14.0   28.0   0.58   23.4   16.1   19.9   21.0   12.3   19.9   21.0    1.9  421.6   0.00   0.00 -99.00 2023181
 2023 182    73    0.8   14.9   16.2   21.5   43.0   0.35   25.0   14.0   19.8   21.4    9.7   19.8   21.4    1.9  421.6   0.00   0.00 -99.00 2023182
 2023 183    74    0.0   14.9   16.2   29.1   58.2   0.12   30.7   13.3   22.4   25.1    7.1   22.4   25.1    2.2  421.6   0.00   0.00 -99.00 2023183
 2023 184    75    0.0   14.9   16.2   29.4   58.8   0.11   31.1   18.9   25.3   27.1   11.6   25.3   27.1    3.4  421.6   0.00   0.00 -99.00 2023184
 2023 185    76    4.8   14.9   16.2   23.6   47.2   0.29   27.2   16.0   21.8   23.6   10.6   21.8   23.6    4.0  421.6   0.00   0.00 -99.00 2023185
 2023 186    77    0.3   14.9   16.2    8.5   17.0   0.74   17.1   14.1   15.7   16.1   10.4   15.7   16.1    2.4  421.6   0.00   0.00 -99.00 2023186
 2023 187    78   13.2   14.9   16.2    9.6   19.2   0.71   19.1   11.5   15.5   16.6    8.8   15.5   16.6    1.8  421.6   0.00   0.00 -99.00 2023187
 2023 188    79    9.1   14.8   16.1   25.1   50.2   0.24   26.1   15.7   21.1   22.7   10.8   21.1   22.7    2.5  421.6   0.00   0.00 -99.00 2023188
 2023 189    80    0.8   14.8   16.1   13.8   27.6   0.58   19.0   11.3   15.3   16.5    8.3   15.3   16.5    0.9  421.6   0.00   0.00 -99.00 2023189
 2023 190    81    0.0   14.8   16.1   28.8   57.6   0.12   26.7   11.4   19.4   21.7    6.7   19.4   21.7    2.4  421.6   0.00   0.00 -99.00 2023190
 2023 191    82    8.4   14.8   16.1   28.0   56.0   0.15   32.7   17.1   25.2   27.6   11.5   25.2   27.6    3.3  421.6   0.00   0.00 -99.00 2023191
 2023 192    83    0.0   14.8   16.1   25.8   51.6   0.21   31.7   16.0   24.2   26.6   11.1   24.2   26.6    2.9  421.6   0.00   0.00 -99.00 2023192
 2023 193    84    0.0   14.8   16.0   27.7   55.4   0.15   30.0   19.4   24.9   26.5   13.9   24.9   26.5    1.6  421.6   0.00   0.00 -99.00 2023193
 2023 194    85   17.5   14.7   16.0   18.7   37.4   0.43   29.6   15.9   23.0   25.1   10.5   23.0   25.1    2.6  421.6   0.00   0.00 -99.00 2023194
 2023 195    86   12.2   14.7   16.0   20.0   40.0   0.39   27.1   15.6   21.6   23.3   10.8   21.6   23.3    2.1  421.6   0.00   0.00 -99.00 2023195
 2023 196    87    0.0   14.7   16.0   24.5   49.0   0.25   28.6   14.3   21.7   23.9    8.7   21.7   23.9    1.4  421.6   0.00   0.00 -99.00 2023196
 2023 197    88    0.3   14.7   16.0   23.1   46.2   0.29   29.8   18.3   24.3   26.0   11.7   24.3   26.0    1.7  421.6   0.00   0.00 -99.00 2023197
 2023 198    89    0.0   14.6   15.9   26.5   53.0   0.18   26.8   17.8   22.5   23.8   14.2   22.5   23.8    1.9  421.6   0.00   0.00 -99.00 2023198
 2023 199    90    0.0   14.6   15.9   18.7   37.4   0.42   28.5   16.0   22.5   24.4   12.9   22.5   24.4    2.2  421.6   0.00   0.00 -99.00 2023199
 2023 200    91    0.0   14.6   15.9   10.7   21.4   0.67   26.6   20.6   23.7   24.6   16.4   23.7   24.6    1.1  421.6   0.00   0.00 -99.00 2023200
 2023 201    92    5.1   14.6   15.8   11.7   23.4   0.64   23.5   16.8   20.3   21.3   12.7   20.3   21.3    1.2  421.6   0.00   0.00 -99.00 2023201
 2023 202    93    0.3   14.5   15.8   27.3   54.6   0.15   26.6   13.1   20.1   22.1    8.6   20.1   22.1    1.3  421.6   0.00   0.00 -99.00 2023202
 2023 203    94    8.4   14.5   15.8   27.1   54.2   0.15   31.6   14.2   23.2   25.8    7.7   23.2   25.8    1.7  421.6   0.00   0.00 -99.00 2023203
 2023 204    95    0.8   14.5   15.7   27.3   54.6   0.14   33.8   13.9   24.2   27.1    8.5   24.2   27.1    2.2  421.6   0.00   0.00 -99.00 2023204
 2023 205    96    0.0   14.5   15.7   26.4   52.8   0.17   34.7   18.1   26.7   29.1    9.1   26.7   29.1    1.9  421.6   0.00   0.00 -99.00 2023205
 2023 206    97    0.0   14.4   15.7   25.0   50.0   0.21   35.8   21.0   28.6   30.8   14.8   28.6   30.8    1.7  421.6   0.00   0.00 -99.00 2023206
 2023 207    98    0.0   14.4   15.6   24.1   48.2   0.24   37.4   17.6   27.8   30.7    8.6   27.8   30.7    1.9  421.6   0.00   0.00 -99.00 2023207
 2023 208    99    0.0   14.4   15.6   27.1   54.2   0.14   37.5   20.0   29.0   31.6    8.5   29.0   31.6    1.9  421.6   0.00   0.00 -99.00 2023208
 2023 209   100    0.0   14.3   15.6   24.4   48.8   0.22   34.8   17.9   26.6   29.1    9.6   26.6   29.1    1.6  421.6   0.00   0.00 -99.00 2023209
 2023 210   101    0.8   14.3   15.5   26.4   52.8   0.15   31.2   17.8   24.7   26.7   11.5   24.7   26.7    1.9  421.6   0.00   0.00 -99.00 2023210
 2023 211   102    0.0   14.3   15.5   24.4   48.8   0.21   34.5   19.9   27.4   29.5   13.8   27.4   29.5    2.2  421.6   0.00   0.00 -99.00 2023211
 2023 212   103    3.3   14.2   15.5   24.5   49.0   0.21   30.6   20.1   25.5   27.0   14.9   25.5   27.0    2.1  421.6   0.00   0.00 -99.00 2023212
 2023 213   104    0.3   14.2   15.4   23.3   46.6   0.24   29.8   21.0   25.5   26.8   15.8   25.5   26.8    1.6  421.6   0.00   0.00 -99.00 2023213
 2023 214   105    4.3   14.2   15.4   22.8   45.6   0.26   31.6   19.8   25.8   27.6   14.2   25.8   27.6    1.6  421.6   0.00   0.00 -99.00 2023214
 2023 215   106   12.4   14.1   15.4   19.6   39.2   0.36   28.2   18.5   23.4   24.9   14.7   23.4   24.9    1.7  421.6   0.00   0.00 -99.00 2023215
 2023 216   107   20.6   14.1   15.3   24.0   48.0   0.21   30.0   17.3   23.8   25.6   12.3   23.8   25.6    2.0  421.6   0.00   0.00 -99.00 2023216
 2023 217   108    0.0   14.1   15.3   24.9   49.8   0.18   29.1   16.8   23.1   24.8   10.8   23.1   24.8    3.1  421.6   0.00   0.00 -99.00 2023217
 2023 218   109    0.0   14.0   15.2   20.1   40.2   0.33   25.3   15.3   20.4   21.8    9.6   20.4   21.8    3.9  421.6   0.00   0.00 -99.00 2023218
 2023 219   110   19.1   14.0   15.2   12.3   24.6   0.59   22.0   12.0   17.1   18.9    8.7   17.1   18.9    1.4  421.6   0.00   0.00 -99.00 2023219
 2023 220   111    0.3   13.9   15.2   19.5   39.0   0.35   26.6   12.4   19.6   22.2    9.0   19.6   22.2    1.4  421.6   0.00   0.00 -99.00 2023220
 2023 221   112    1.8   13.9   15.1   23.7   47.4   0.20   27.0   15.6   21.4   23.5   10.4   21.4   23.5    1.6  421.6   0.00   0.00 -99.00 2023221
 2023 222   113    0.0   13.9   15.1   23.0   46.0   0.22   31.3   16.6   24.0   26.7   10.0   24.0   26.7    2.4  421.6   0.00   0.00 -99.00 2023222
 2023 223   114    0.0   13.8   15.0   25.4   50.8   0.14   31.6   14.3   23.0   26.2    8.6   23.0   26.2    1.1  421.6   0.00   0.00 -99.00 2023223
 2023 224   115    0.0   13.8   15.0   19.1   38.2   0.35   27.1   17.4   22.3   24.1   11.2   22.3   24.1    2.4  421.6   0.00   0.00 -99.00 2023224
 2023 225   116    0.0   13.7   14.9   15.9   31.8   0.45   22.4   12.4   17.4   19.3    7.9   17.4   19.3    2.9  421.6   0.00   0.00 -99.00 2023225
 2023 226   117    0.0   13.7   14.9   24.3   48.6   0.16   24.5   11.4   18.0   20.4    5.2   18.0   20.4    2.5  421.6   0.00   0.00 -99.00 2023226
 2023 227   118    0.0   13.7   14.9   25.4   50.8   0.12   31.1    7.5   19.4   23.7    0.7   19.4   23.7    2.2  421.6   0.00   0.00 -99.00 2023227
 2023 228   119    0.0   13.6   14.8   24.5   49.0   0.15   36.5   15.7   26.1   29.9    6.7   26.1   29.9    2.3  421.6   0.00   0.00 -99.00 2023228
 2023 229   120    0.0   13.6   14.8   22.8   45.6   0.20   28.3   14.3   21.3   23.9    7.9   21.3   23.9    1.7  421.6   0.00   0.00 -99.00 2023229
 2023 230   121    0.0   13.5   14.7   22.8   45.6   0.20   35.7   17.1   26.4   29.8    8.1   26.4   29.8    4.9  421.6   0.00   0.00 -99.00 2023230
 2023 231   122    0.0   13.5   14.7   23.7   47.4   0.16   34.8   20.3   27.6   30.2   12.8   27.6   30.2    2.5  421.6   0.00   0.00 -99.00 2023231
 2023 232   123    0.0   13.5   14.6   20.6   41.2   0.26   33.0   20.8   26.9   29.1   14.4   26.9   29.1    2.5  421.6   0.00   0.00 -99.00 2023232
 2023 233   124    0.0   13.4   14.6   23.9   47.8   0.14   38.6   22.0   30.3   33.3   10.6   30.3   33.3    4.4  421.6   0.00   0.00 -99.00 2023233
 2023 234   125    0.0   13.4   14.5   23.4   46.8   0.15   39.2   22.7   30.9   33.9    8.5   30.9   33.9    5.2  421.6   0.00   0.00 -99.00 2023234
 2023 235   126    0.0   13.3   14.5   21.3   42.6   0.23   38.6   21.0   29.8   32.9    9.6   29.8   32.9    2.9  421.6   0.00   0.00 -99.00 2023235
 2023 236   127    0.0   13.3   14.4   22.8   45.6   0.17   37.2   20.6   28.9   31.8    7.1   28.9   31.8    2.5  421.6   0.00   0.00 -99.00 2023236
 2023 237   128    0.0   13.2   14.4   15.7   31.4   0.42   30.2   20.5   25.3   27.0   13.2   25.3   27.0    3.6  421.6   0.00   0.00 -99.00 2023237
 2023 238   129    0.0   13.2   14.3   22.4   44.8   0.17   26.3   12.5   19.3   21.8    5.9   19.3   21.8    1.4  421.6   0.00   0.00 -99.00 2023238
 2023 239   130    0.0   13.1   14.3   23.0   46.0   0.14   30.8    9.2   19.9   23.7    2.5   19.9   23.7    1.8  421.6   0.00   0.00 -99.00 2023239
 2023 240   131    0.0   13.1   14.3   17.9   35.8   0.33   27.6   15.3   21.4   23.6    8.0   21.4   23.6    1.9  421.6   0.00   0.00 -99.00 2023240
 2023 241   132    0.0   13.1   14.2   21.0   42.0   0.20   30.3   12.3   21.2   24.4    4.6   21.2   24.4    1.7  421.6   0.00   0.00 -99.00 2023241
 2023 242   133    0.0   13.0   14.2   22.1   44.2   0.16   32.1   11.1   21.5   25.1    4.0   21.5   25.1    3.4  421.6   0.00   0.00 -99.00 2023242
 2023 243   134    0.0   13.0   14.1   21.6   43.2   0.17   34.8   17.7   26.1   29.1    6.3   26.1   29.1    5.7  421.6   0.00   0.00 -99.00 2023243
 2023 244   135    0.0   12.9   14.1   22.1   44.2   0.14   37.1   19.9   28.4   31.4    9.6   28.4   31.4    5.2  421.6   0.00   0.00 -99.00 2023244
 2023 245   136    0.0   12.9   14.0   22.5   45.0   0.12   39.4   16.4   27.7   31.7    4.3   27.7   31.7    4.1  421.6   0.00   0.00 -99.00 2023245
 2023 246   137    0.0   12.8   14.0   20.6   41.2   0.19   38.2   15.7   26.7   30.6    4.9   26.7   30.6    2.0  421.6   0.00   0.00 -99.00 2023246
 2023 247   138    0.0   12.8   13.9   21.3   42.6   0.16   36.3   15.3   25.6   29.2    5.5   25.6   29.2    3.2  421.6   0.00   0.00 -99.00 2023247
 2023 248   139    0.0   12.7   13.9   17.6   35.2   0.30   21.6    7.1   14.2   16.7    1.7   14.2   16.7    3.8  421.6   0.00   0.00 -99.00 2023248
 2023 249   140    0.0   12.7   13.8   19.7   39.4   0.21   26.8    5.5   15.9   19.6   -1.6   15.9   19.6    1.6  421.6   0.00   0.00 -99.00 2023249
 2023 250   141    0.0   12.6   13.8   19.9   39.8   0.19   33.0   10.0   21.2   25.2    1.3   21.2   25.2    2.4  421.6   0.00   0.00 -99.00 2023250
 2023 251   142    0.0   12.6   13.7   20.4   40.8   0.17   29.6    8.4   18.7   22.4    2.3   18.7   22.4    1.4  421.6   0.00   0.00 -99.00 2023251
 2023 252   143    0.0   12.6   13.7   17.8   35.6   0.27   32.2   14.1   22.9   26.0    5.7   22.9   26.0    3.0  421.6   0.00   0.00 -99.00 2023252
 2023 253   144   26.9   12.5   13.6    6.4   12.8   0.73   18.5   13.1   15.7   16.6   11.1   15.7   16.6    2.1  421.6   0.00   0.00 -99.00 2023253
 2023 254   145    0.0   12.5   13.6   14.1   28.2   0.41   20.6    9.2   14.7   16.7    4.9   14.7   16.7    1.1  421.6   0.00   0.00 -99.00 2023254
 2023 255   146    0.0   12.4   13.5   20.9   41.8   0.12   23.7    9.9   16.6   18.9    3.4   16.6   18.9    2.8  421.6   0.00   0.00 -99.00 2023255
 2023 256   147    0.0   12.4   13.5   19.9   39.8   0.15   24.9    9.8   17.1   19.6    3.7   17.1   19.6    3.2  421.6   0.00   0.00 -99.00 2023256
 2023 257   148    0.5   12.3   13.4   13.6   27.2   0.41   24.4   12.4   18.2   20.2    7.7   18.2   20.2    2.4  421.6   0.00   0.00 -99.00 2023257
 2023 258   149   12.7   12.3   13.4   11.1   22.2   0.52   22.7   13.2   17.8   19.4    8.6   17.8   19.4    1.3  421.6   0.00   0.00 -99.00 2023258
 2023 259   150    0.0   12.2   13.3   19.9   39.8   0.13   26.8    9.7   17.9   20.8    2.7   17.9   20.8    1.7  421.6   0.00   0.00 -99.00 2023259
 2023 260   151    0.0   12.2   13.3   19.8   39.6   0.12   28.4    6.0   16.8   20.5   -0.5   16.8   20.5    3.0  421.6   0.00   0.00 -99.00 2023260
 2023 261   152    0.0   12.1   13.2   17.9   35.8   0.20   32.4   10.2   20.9   24.5    0.8   20.9   24.5    2.2  421.6   0.00   0.00 -99.00 2023261
 2023 262   153    0.0   12.1   13.2   18.7   37.4   0.16   32.1    8.7   19.9   23.8   -0.2   19.9   23.8    1.3  421.6   0.00   0.00 -99.00 2023262
 2023 263   154    5.8   12.0   13.2   16.6   33.2   0.24   30.8    8.6   19.2   22.9    0.6   19.2   22.9    1.6  421.6   0.00   0.00 -99.00 2023263
 2023 264   155    0.0   12.0   13.1   13.5   27.0   0.38   23.0   12.3   17.4   19.6    8.5   17.4   19.6    2.1  421.6   0.00   0.00 -99.00 2023264
 2023 265   156    0.0   11.9   13.1    6.5   13.0   0.70   20.6   12.0   16.1   17.8    9.5   16.1   17.8    1.3  421.6   0.00   0.00 -99.00 2023265
 2023 266   157    2.3   11.9   13.0   19.1   38.2   0.11   22.4   11.3   16.6   18.8    5.0   16.6   18.8    2.9  421.6   0.00   0.00 -99.00 2023266
 2023 267   158    0.0   11.8   13.0   18.8   37.6   0.11   25.4    7.9   16.2   19.7    1.3   16.2   19.7    2.3  421.6   0.00   0.00 -99.00 2023267
 2023 268   159    0.0   11.8   12.9   18.7   37.4   0.11   27.4    5.0   15.7   20.1   -1.6   15.7   20.1    1.2  421.6   0.00   0.00 -99.00 2023268
